###INFO: Starting ./virt-inst.sh
###INFO: Sun Sep 24 10:27:53 EDT 2017
/root/uteeg/bsfl: directory
ansible-2.3.2.0-1.fc26.noarch
virt-manager-1.4.2-1.fc26.noarch
virt-install-1.4.2-1.fc26.noarch
virt-viewer-5.0-2.fc26.x86_64
nfs-utils-2.1.1-5.rc5.fc26.x86_64
httpd-2.4.27-3.fc26.x86_64
Kickstart config files in place.... OK
[mERROR: Line 187: Need RHEL media setup /var/www/html/uteeg/rhel/Packages/repodata
[m[138C[A[[m[1m[31m FAILED  [m]
(B[mERROR: At line 187 main ./virt-inst.sh
[m[138C[A[[m[1m[31m FAILED  [m]
(B[mERROR: Error code = msg_failed
[m[138C[A[[m[1m[31m FAILED  [m]
bsfl/lib/bsfl.sh: line 833: exit: msg_failed: numeric argument required
###INFO: Starting ./virt-inst.sh
###INFO: Sun Sep 24 10:29:47 EDT 2017
/root/uteeg/bsfl: directory
[mExecuting: rpm -q ansible
[m[A[mCommand: rpm -q ansible...
[m[138C[A[[m[1m[32m   OK    [m]
(B[mExecuting: rpm -q virt-manager
[m[A[mCommand: rpm -q virt-manager...
[m[138C[A[[m[1m[32m   OK    [m]
(B[mExecuting: rpm -q virt-install
[m[A[mCommand: rpm -q virt-install...
[m[138C[A[[m[1m[32m   OK    [m]
(B[mExecuting: rpm -q virt-viewer
[m[A[mCommand: rpm -q virt-viewer...
[m[138C[A[[m[1m[32m   OK    [m]
(B[mExecuting: rpm -q nfs-utils
[m[A[mCommand: rpm -q nfs-utils...
[m[138C[A[[m[1m[32m   OK    [m]
(B[mExecuting: rpm -q httpd
[m[A[mCommand: rpm -q httpd...
[m[138C[A[[m[1m[32m   OK    [m]
Kickstart config files in place.... OK
[mERROR: Line 168: Need RHEL media setup /var/www/html/uteeg/rhel/Packages/repodata
[m[138C[A[[m[1m[31m FAILED  [m]
(B[mERROR: At line 168 main ./virt-inst.sh
[m[138C[A[[m[1m[31m FAILED  [m]
(B[mERROR: Error code = msg_failed
[m[138C[A[[m[1m[31m FAILED  [m]
bsfl/lib/bsfl.sh: line 833: exit: msg_failed: numeric argument required
###INFO: Starting ./virt-inst.sh
###INFO: Sun Sep 24 10:30:39 EDT 2017
/root/uteeg/bsfl: directory
[mExecuting: rpm -q ansible
[m[A[mCommand: rpm -q ansible...
[m[138C[A[[m[1m[32m   OK    [m]
(B[mExecuting: rpm -q virt-manager
[m[A[mCommand: rpm -q virt-manager...
[m[138C[A[[m[1m[32m   OK    [m]
(B[mExecuting: rpm -q virt-install
[m[A[mCommand: rpm -q virt-install...
[m[138C[A[[m[1m[32m   OK    [m]
(B[mExecuting: rpm -q virt-viewer
[m[A[mCommand: rpm -q virt-viewer...
[m[138C[A[[m[1m[32m   OK    [m]
(B[mExecuting: rpm -q nfs-utils
[m[A[mCommand: rpm -q nfs-utils...
[m[138C[A[[m[1m[32m   OK    [m]
(B[mExecuting: rpm -q httpd
[m[A[mCommand: rpm -q httpd...
[m[138C[A[[m[1m[32m   OK    [m]
(B[mExecuting: inputfile=./etc/hosts
[m[A[mCommand: inputfile=./etc/hosts...
[m[138C[A[[m[1m[32m   OK    [m]
###INFO: Starting ./virt-inst.sh
###INFO: Sun Sep 24 10:31:09 EDT 2017
/root/uteeg/bsfl: directory
[mExecuting: rpm -q ansible
[m[A[mCommand: rpm -q ansible...
[m[138C[A[[m[1m[32m   OK    [m]
(B[mExecuting: rpm -q virt-manager
[m[A[mCommand: rpm -q virt-manager...
[m[138C[A[[m[1m[32m   OK    [m]
(B[mExecuting: rpm -q virt-install
[m[A[mCommand: rpm -q virt-install...
[m[138C[A[[m[1m[32m   OK    [m]
(B[mExecuting: rpm -q virt-viewer
[m[A[mCommand: rpm -q virt-viewer...
[m[138C[A[[m[1m[32m   OK    [m]
(B[mExecuting: rpm -q nfs-utils
[m[A[mCommand: rpm -q nfs-utils...
[m[138C[A[[m[1m[32m   OK    [m]
(B[mExecuting: rpm -q httpd
[m[A[mCommand: rpm -q httpd...
[m[138C[A[[m[1m[32m   OK    [m]
(B[mExecuting: inputfile=etc/hosts
[m[A[mCommand: inputfile=etc/hosts...
[m[138C[A[[m[1m[32m   OK    [m]
###INFO: Starting ./virt-inst.sh
###INFO: Sun Sep 24 10:31:35 EDT 2017
/root/uteeg/bsfl: directory
[mExecuting: rpm -q ansible
[m[A[mCommand: rpm -q ansible...
[m[138C[A[[m[1m[32m   OK    [m]
(B[mExecuting: rpm -q virt-manager
[m[A[mCommand: rpm -q virt-manager...
[m[138C[A[[m[1m[32m   OK    [m]
(B[mExecuting: rpm -q virt-install
[m[A[mCommand: rpm -q virt-install...
[m[138C[A[[m[1m[32m   OK    [m]
(B[mExecuting: rpm -q virt-viewer
[m[A[mCommand: rpm -q virt-viewer...
[m[138C[A[[m[1m[32m   OK    [m]
(B[mExecuting: rpm -q nfs-utils
[m[A[mCommand: rpm -q nfs-utils...
[m[138C[A[[m[1m[32m   OK    [m]
(B[mExecuting: rpm -q httpd
[m[A[mCommand: rpm -q httpd...
[m[138C[A[[m[1m[32m   OK    [m]
(B[mExecuting: inputfile=etc/hosts
[m[A[mCommand: inputfile=etc/hosts...
[m[138C[A[[m[1m[32m   OK    [m]
###INFO: Starting ./virt-inst.sh
###INFO: Sun Sep 24 10:31:48 EDT 2017
/root/uteeg/bsfl: directory
[mExecuting: rpm -q ansible
[m[A[mCommand: rpm -q ansible...
[m[138C[A[[m[1m[32m   OK    [m]
(B[mExecuting: rpm -q virt-manager
[m[A[mCommand: rpm -q virt-manager...
[m[138C[A[[m[1m[32m   OK    [m]
(B[mExecuting: rpm -q virt-install
[m[A[mCommand: rpm -q virt-install...
[m[138C[A[[m[1m[32m   OK    [m]
(B[mExecuting: rpm -q virt-viewer
[m[A[mCommand: rpm -q virt-viewer...
[m[138C[A[[m[1m[32m   OK    [m]
(B[mExecuting: rpm -q nfs-utils
[m[A[mCommand: rpm -q nfs-utils...
[m[138C[A[[m[1m[32m   OK    [m]
(B[mExecuting: rpm -q httpd
[m[A[mCommand: rpm -q httpd...
[m[138C[A[[m[1m[32m   OK    [m]
(B[mExecuting: inputfile=etc/hosts
[m[A[mCommand: inputfile=etc/hosts...
[m[138C[A[[m[1m[32m   OK    [m]
###INFO: Starting ./virt-inst.sh
###INFO: Sun Sep 24 10:32:02 EDT 2017
/root/uteeg/bsfl: directory
[mExecuting: rpm -q ansible
[m[A[mCommand: rpm -q ansible...
[m[138C[A[[m[1m[32m   OK    [m]
(B[mExecuting: rpm -q virt-manager
[m[A[mCommand: rpm -q virt-manager...
[m[138C[A[[m[1m[32m   OK    [m]
(B[mExecuting: rpm -q virt-install
[m[A[mCommand: rpm -q virt-install...
[m[138C[A[[m[1m[32m   OK    [m]
(B[mExecuting: rpm -q virt-viewer
[m[A[mCommand: rpm -q virt-viewer...
[m[138C[A[[m[1m[32m   OK    [m]
(B[mExecuting: rpm -q nfs-utils
[m[A[mCommand: rpm -q nfs-utils...
[m[138C[A[[m[1m[32m   OK    [m]
(B[mExecuting: rpm -q httpd
[m[A[mCommand: rpm -q httpd...
[m[138C[A[[m[1m[32m   OK    [m]
Kickstart config files in place.... OK
[mERROR: Line 168: Need RHEL media setup /var/www/html/uteeg/rhel/Packages/repodata
[m[138C[A[[m[1m[31m FAILED  [m]
(B[mERROR: At line 168 main ./virt-inst.sh
[m[138C[A[[m[1m[31m FAILED  [m]
(B[mERROR: Error code = msg_failed
[m[138C[A[[m[1m[31m FAILED  [m]
bsfl/lib/bsfl.sh: line 833: exit: msg_failed: numeric argument required
###INFO: Starting ./virt-inst.sh
###INFO: Sun Sep 24 10:33:07 EDT 2017
/root/uteeg/bsfl: directory
[mExecuting: rpm -q ansible
[m[A[mCommand: rpm -q ansible...
[m[138C[A[[m[1m[32m   OK    [m]
(B[mExecuting: rpm -q virt-manager
[m[A[mCommand: rpm -q virt-manager...
[m[138C[A[[m[1m[32m   OK    [m]
(B[mExecuting: rpm -q virt-install
[m[A[mCommand: rpm -q virt-install...
[m[138C[A[[m[1m[32m   OK    [m]
(B[mExecuting: rpm -q virt-viewer
[m[A[mCommand: rpm -q virt-viewer...
[m[138C[A[[m[1m[32m   OK    [m]
(B[mExecuting: rpm -q nfs-utils
[m[A[mCommand: rpm -q nfs-utils...
[m[138C[A[[m[1m[32m   OK    [m]
(B[mExecuting: rpm -q httpd
[m[A[mCommand: rpm -q httpd...
[m[138C[A[[m[1m[32m   OK    [m]
(B[mExecuting: setup_hosts_vars
[m[A[mCommand: setup_hosts_vars...
[m[138C[A[[m[1m[32m   OK    [m]
Kickstart config files are missing.
You must create files for %include.
Look in the uteeg/ks/* for examples on network, partitions, packages and post

Also need uteeg/etc/hosts entry
###INFO: Starting ./virt-inst.sh
###INFO: Sun Sep 24 10:34:20 EDT 2017
/root/uteeg/bsfl: directory
[mExecuting: rpm -q ansible
[m[A[mCommand: rpm -q ansible...
[m[138C[A[[m[1m[32m   OK    [m]
(B[mExecuting: rpm -q virt-manager
[m[A[mCommand: rpm -q virt-manager...
[m[138C[A[[m[1m[32m   OK    [m]
(B[mExecuting: rpm -q virt-install
[m[A[mCommand: rpm -q virt-install...
[m[138C[A[[m[1m[32m   OK    [m]
(B[mExecuting: rpm -q virt-viewer
[m[A[mCommand: rpm -q virt-viewer...
[m[138C[A[[m[1m[32m   OK    [m]
(B[mExecuting: rpm -q nfs-utils
[m[A[mCommand: rpm -q nfs-utils...
[m[138C[A[[m[1m[32m   OK    [m]
(B[mExecuting: rpm -q httpd
[m[A[mCommand: rpm -q httpd...
[m[138C[A[[m[1m[32m   OK    [m]
(B[mExecuting: setup_hosts_vars
[m[A[mCommand: setup_hosts_vars...
[m[138C[A[[m[1m[32m   OK    [m]
(B[mExecuting: UNIQ=_1506263660
[m[A[mCommand: UNIQ=_1506263660...
[m[138C[A[[m[1m[32m   OK    [m]
Kickstart config files are missing.
You must create files for %include.
Look in the uteeg/ks/* for examples on network, partitions, packages and post

Also need uteeg/etc/hosts entry
###INFO: Starting ./virt-inst.sh
###INFO: Sun Sep 24 10:34:53 EDT 2017
/root/uteeg/bsfl: directory
[mExecuting: rpm -q ansible
[m[A[mCommand: rpm -q ansible...
[m[138C[A[[m[1m[32m   OK    [m]
(B[mExecuting: rpm -q virt-manager
[m[A[mCommand: rpm -q virt-manager...
[m[138C[A[[m[1m[32m   OK    [m]
(B[mExecuting: rpm -q virt-install
[m[A[mCommand: rpm -q virt-install...
[m[138C[A[[m[1m[32m   OK    [m]
(B[mExecuting: rpm -q virt-viewer
[m[A[mCommand: rpm -q virt-viewer...
[m[138C[A[[m[1m[32m   OK    [m]
(B[mExecuting: rpm -q nfs-utils
[m[A[mCommand: rpm -q nfs-utils...
[m[138C[A[[m[1m[32m   OK    [m]
(B[mExecuting: rpm -q httpd
[m[A[mCommand: rpm -q httpd...
[m[138C[A[[m[1m[32m   OK    [m]
(B[mExecuting: setup_hosts_vars
[m[A[mCommand: setup_hosts_vars...
[m[138C[A[[m[1m[32m   OK    [m]
(B[mExecuting: UNIQ=_1506263693
[m[A[mCommand: UNIQ=_1506263693...
[m[138C[A[[m[1m[32m   OK    [m]
Kickstart config files are missing.
You must create files for %include.
Look in the uteeg/ks/* for examples on network, partitions, packages and post

Also need uteeg/etc/hosts entry
###INFO: Starting ./virt-inst.sh
###INFO: Sun Sep 24 10:35:19 EDT 2017
/root/uteeg/bsfl: directory
[mExecuting: rpm -q ansible
[m[A[mCommand: rpm -q ansible...
[m[138C[A[[m[1m[32m   OK    [m]
(B[mExecuting: rpm -q virt-manager
[m[A[mCommand: rpm -q virt-manager...
[m[138C[A[[m[1m[32m   OK    [m]
(B[mExecuting: rpm -q virt-install
[m[A[mCommand: rpm -q virt-install...
[m[138C[A[[m[1m[32m   OK    [m]
(B[mExecuting: rpm -q virt-viewer
[m[A[mCommand: rpm -q virt-viewer...
[m[138C[A[[m[1m[32m   OK    [m]
(B[mExecuting: rpm -q nfs-utils
[m[A[mCommand: rpm -q nfs-utils...
[m[138C[A[[m[1m[32m   OK    [m]
(B[mExecuting: rpm -q httpd
[m[A[mCommand: rpm -q httpd...
[m[138C[A[[m[1m[32m   OK    [m]
(B[mExecuting: setup_hosts_vars
[m###INFO: Starting ./virt-inst.sh
###INFO: Sun Sep 24 10:40:17 EDT 2017
/root/uteeg/bsfl: directory
[mExecuting: rpm -q ansible
[m[A[mCommand: rpm -q ansible...
[m[138C[A[[m[1m[32m   OK    [m]
(B[mExecuting: rpm -q virt-manager
[m[A[mCommand: rpm -q virt-manager...
[m[138C[A[[m[1m[32m   OK    [m]
(B[mExecuting: rpm -q virt-install
[m[A[mCommand: rpm -q virt-install...
[m[138C[A[[m[1m[32m   OK    [m]
(B[mExecuting: rpm -q virt-viewer
[m[A[mCommand: rpm -q virt-viewer...
[m[138C[A[[m[1m[32m   OK    [m]
(B[mExecuting: rpm -q nfs-utils
[m[A[mCommand: rpm -q nfs-utils...
[m[138C[A[[m[1m[32m   OK    [m]
(B[mExecuting: rpm -q httpd
[m[A[mCommand: rpm -q httpd...
[m[138C[A[[m[1m[32m   OK    [m]
(B[mExecuting: setup_hosts_vars
[m[A[mCommand: setup_hosts_vars...
[m[138C[A[[m[1m[31m FAILED  [m]
(B[mExecuting: UNIQ=_1506264017
[m[A[mCommand: UNIQ=_1506264017...
[m[138C[A[[m[1m[32m   OK    [m]
Kickstart config files are missing.
You must create files for %include.
Look in the uteeg/ks/* for examples on network, partitions, packages and post

Also need uteeg/etc/hosts entry
###INFO: Starting ./virt-inst.sh
###INFO: Sun Sep 24 10:40:28 EDT 2017
/root/uteeg/bsfl: directory
[mExecuting: rpm -q ansible
[m[A[mCommand: rpm -q ansible...
[m[138C[A[[m[1m[32m   OK    [m]
(B[mExecuting: rpm -q virt-manager
[m[A[mCommand: rpm -q virt-manager...
[m[138C[A[[m[1m[32m   OK    [m]
(B[mExecuting: rpm -q virt-install
[m[A[mCommand: rpm -q virt-install...
[m[138C[A[[m[1m[32m   OK    [m]
(B[mExecuting: rpm -q virt-viewer
[m[A[mCommand: rpm -q virt-viewer...
[m[138C[A[[m[1m[32m   OK    [m]
(B[mExecuting: rpm -q nfs-utils
[m[A[mCommand: rpm -q nfs-utils...
[m[138C[A[[m[1m[32m   OK    [m]
(B[mExecuting: rpm -q httpd
[m[A[mCommand: rpm -q httpd...
[m[138C[A[[m[1m[32m   OK    [m]
(B[mExecuting: setup_hosts_vars
[m###INFO: Starting ./virt-inst.sh
###INFO: Sun Sep 24 10:45:31 EDT 2017
/root/uteeg/bsfl: directory
[mExecuting: rpm -q ansible
[m[A[mCommand: rpm -q ansible...
[m[138C[A[[m[1m[32m   OK    [m]
(B[mExecuting: rpm -q virt-manager
[m[A[mCommand: rpm -q virt-manager...
[m[138C[A[[m[1m[32m   OK    [m]
(B[mExecuting: rpm -q virt-install
[m[A[mCommand: rpm -q virt-install...
[m[138C[A[[m[1m[32m   OK    [m]
(B[mExecuting: rpm -q virt-viewer
[m[A[mCommand: rpm -q virt-viewer...
[m[138C[A[[m[1m[32m   OK    [m]
(B[mExecuting: rpm -q nfs-utils
[m[A[mCommand: rpm -q nfs-utils...
[m[138C[A[[m[1m[32m   OK    [m]
(B[mExecuting: rpm -q httpd
[m[A[mCommand: rpm -q httpd...
[m[138C[A[[m[1m[32m   OK    [m]
(B[mExecuting: setup_hosts_vars
[m###INFO: Starting ./virt-inst.sh
###INFO: Sun Sep 24 10:46:08 EDT 2017
/root/uteeg/bsfl: directory
[mExecuting: rpm -q ansible
[m[A[mCommand: rpm -q ansible...
[m[138C[A[[m[1m[32m   OK    [m]
(B[mExecuting: rpm -q virt-manager
[m[A[mCommand: rpm -q virt-manager...
[m[138C[A[[m[1m[32m   OK    [m]
(B[mExecuting: rpm -q virt-install
[m[A[mCommand: rpm -q virt-install...
[m[138C[A[[m[1m[32m   OK    [m]
(B[mExecuting: rpm -q virt-viewer
[m[A[mCommand: rpm -q virt-viewer...
[m[138C[A[[m[1m[32m   OK    [m]
(B[mExecuting: rpm -q nfs-utils
[m[A[mCommand: rpm -q nfs-utils...
[m[138C[A[[m[1m[32m   OK    [m]
(B[mExecuting: rpm -q httpd
[m[A[mCommand: rpm -q httpd...
[m[138C[A[[m[1m[32m   OK    [m]
(B[mExecuting: setup_hosts_vars
[m###INFO: Starting ./virt-inst.sh
###INFO: Sun Sep 24 10:47:31 EDT 2017
/root/uteeg/bsfl: directory
[mExecuting: rpm -q ansible
[m[A[mCommand: rpm -q ansible...
[m[138C[A[[m[1m[32m   OK    [m]
(B[mExecuting: rpm -q virt-manager
[m[A[mCommand: rpm -q virt-manager...
[m[138C[A[[m[1m[32m   OK    [m]
(B[mExecuting: rpm -q virt-install
[m[A[mCommand: rpm -q virt-install...
[m[138C[A[[m[1m[32m   OK    [m]
(B[mExecuting: rpm -q virt-viewer
[m[A[mCommand: rpm -q virt-viewer...
[m[138C[A[[m[1m[32m   OK    [m]
(B[mExecuting: rpm -q nfs-utils
[m[A[mCommand: rpm -q nfs-utils...
[m[138C[A[[m[1m[32m   OK    [m]
(B[mExecuting: rpm -q httpd
[m[A[mCommand: rpm -q httpd...
[m[138C[A[[m[1m[32m   OK    [m]
(B[mExecuting: setup_hosts_vars
[m###INFO: Starting ./virt-inst.sh
###INFO: Sun Sep 24 10:50:26 EDT 2017
/root/uteeg/bsfl: directory
[mExecuting: rpm -q ansible
[m[A[mCommand: rpm -q ansible...
[m[138C[A[[m[1m[32m   OK    [m]
(B[mExecuting: rpm -q virt-manager
[m[A[mCommand: rpm -q virt-manager...
[m[138C[A[[m[1m[32m   OK    [m]
(B[mExecuting: rpm -q virt-install
[m[A[mCommand: rpm -q virt-install...
[m[138C[A[[m[1m[32m   OK    [m]
(B[mExecuting: rpm -q virt-viewer
[m[A[mCommand: rpm -q virt-viewer...
[m[138C[A[[m[1m[32m   OK    [m]
(B[mExecuting: rpm -q nfs-utils
[m[A[mCommand: rpm -q nfs-utils...
[m[138C[A[[m[1m[32m   OK    [m]
(B[mExecuting: rpm -q httpd
[m[A[mCommand: rpm -q httpd...
[m[138C[A[[m[1m[32m   OK    [m]
(B[mExecuting: setup_hosts_vars
[m###INFO: Starting ./virt-inst.sh
###INFO: Sun Sep 24 10:52:12 EDT 2017
/root/uteeg/bsfl: directory
[mExecuting: rpm -q ansible
[m[A[mCommand: rpm -q ansible...
[m[138C[A[[m[1m[32m   OK    [m]
(B[mExecuting: rpm -q virt-manager
[m[A[mCommand: rpm -q virt-manager...
[m[138C[A[[m[1m[32m   OK    [m]
(B[mExecuting: rpm -q virt-install
[m[A[mCommand: rpm -q virt-install...
[m[138C[A[[m[1m[32m   OK    [m]
(B[mExecuting: rpm -q virt-viewer
[m[A[mCommand: rpm -q virt-viewer...
[m[138C[A[[m[1m[32m   OK    [m]
(B[mExecuting: rpm -q nfs-utils
[m[A[mCommand: rpm -q nfs-utils...
[m[138C[A[[m[1m[32m   OK    [m]
(B[mExecuting: rpm -q httpd
[m[A[mCommand: rpm -q httpd...
[m[138C[A[[m[1m[32m   OK    [m]
(B[mExecuting: setup_hosts_vars
[m[A[mCommand: setup_hosts_vars...
[m[138C[A[[m[1m[32m   OK    [m]
(B[mExecuting: UNIQ=_1506264732
[m[A[mCommand: UNIQ=_1506264732...
[m[138C[A[[m[1m[32m   OK    [m]
Kickstart config files are missing.
You must create files for %include.
Look in the uteeg/ks/* for examples on network, partitions, packages and post

Also need uteeg/etc/hosts entry
###INFO: Starting ./virt-inst.sh
###INFO: Sun Sep 24 10:53:56 EDT 2017
/root/uteeg/bsfl: directory
[mExecuting: rpm -q ansible
[m[A[mCommand: rpm -q ansible...
[m[138C[A[[m[1m[32m   OK    [m]
(B[mExecuting: rpm -q virt-manager
[m[A[mCommand: rpm -q virt-manager...
[m[138C[A[[m[1m[32m   OK    [m]
(B[mExecuting: rpm -q virt-install
[m[A[mCommand: rpm -q virt-install...
[m[138C[A[[m[1m[32m   OK    [m]
(B[mExecuting: rpm -q virt-viewer
[m[A[mCommand: rpm -q virt-viewer...
[m[138C[A[[m[1m[32m   OK    [m]
(B[mExecuting: rpm -q nfs-utils
[m[A[mCommand: rpm -q nfs-utils...
[m[138C[A[[m[1m[32m   OK    [m]
(B[mExecuting: rpm -q httpd
[m[A[mCommand: rpm -q httpd...
[m[138C[A[[m[1m[32m   OK    [m]
(B[mExecuting: setup_hosts_vars
[m[A[mCommand: setup_hosts_vars...
[m[138C[A[[m[1m[32m   OK    [m]
(B[mExecuting: UNIQ=_1506264836
[m[A[mCommand: UNIQ=_1506264836...
[m[138C[A[[m[1m[32m   OK    [m]
Kickstart config files are missing.
You must create files for %include.
Look in the uteeg/ks/* for examples on network, partitions, packages and post

Also need uteeg/etc/hosts entry
###INFO: Starting ./virt-inst.sh
###INFO: Sun Sep 24 10:54:46 EDT 2017
/root/uteeg/bsfl: directory
[mExecuting: rpm -q ansible
[m[A[mCommand: rpm -q ansible...
[m[138C[A[[m[1m[32m   OK    [m]
(B[mExecuting: rpm -q virt-manager
[m[A[mCommand: rpm -q virt-manager...
[m[138C[A[[m[1m[32m   OK    [m]
(B[mExecuting: rpm -q virt-install
[m[A[mCommand: rpm -q virt-install...
[m[138C[A[[m[1m[32m   OK    [m]
(B[mExecuting: rpm -q virt-viewer
[m[A[mCommand: rpm -q virt-viewer...
[m[138C[A[[m[1m[32m   OK    [m]
(B[mExecuting: rpm -q nfs-utils
[m[A[mCommand: rpm -q nfs-utils...
[m[138C[A[[m[1m[32m   OK    [m]
(B[mExecuting: rpm -q httpd
[m[A[mCommand: rpm -q httpd...
[m[138C[A[[m[1m[32m   OK    [m]
sat-62
300
4
6144
10.0.0.8
rhel
7.4
7.3
(B[mExecuting: UNIQ=sat-62_1506264886
[m[A[mCommand: UNIQ=sat-62_1506264886...
[m[138C[A[[m[1m[32m   OK    [m]
Kickstart config files in place.... OK
[mERROR: Line 152: Need RHEL media setup /var/www/html/uteeg/rhel/Packages/repodata
[m[138C[A[[m[1m[31m FAILED  [m]
(B[mERROR: At line 152 main ./virt-inst.sh
[m[138C[A[[m[1m[31m FAILED  [m]
(B[mERROR: Error code = msg_failed
[m[138C[A[[m[1m[31m FAILED  [m]
bsfl/lib/bsfl.sh: line 833: exit: msg_failed: numeric argument required
###INFO: Starting ./virt-inst.sh
###INFO: Sun Sep 24 10:55:17 EDT 2017
/root/uteeg/bsfl: directory
[mExecuting: rpm -q ansible
[m[A[mCommand: rpm -q ansible...
[m[138C[A[[m[1m[32m   OK    [m]
(B[mExecuting: rpm -q virt-manager
[m[A[mCommand: rpm -q virt-manager...
[m[138C[A[[m[1m[32m   OK    [m]
(B[mExecuting: rpm -q virt-install
[m[A[mCommand: rpm -q virt-install...
[m[138C[A[[m[1m[32m   OK    [m]
(B[mExecuting: rpm -q virt-viewer
[m[A[mCommand: rpm -q virt-viewer...
[m[138C[A[[m[1m[32m   OK    [m]
(B[mExecuting: rpm -q nfs-utils
[m[A[mCommand: rpm -q nfs-utils...
[m[138C[A[[m[1m[32m   OK    [m]
(B[mExecuting: rpm -q httpd
[m[A[mCommand: rpm -q httpd...
[m[138C[A[[m[1m[32m   OK    [m]
(B[mExecuting: VMNAME=sat-62
[m[A[mCommand: VMNAME=sat-62...
[m[138C[A[[m[1m[32m   OK    [m]

300
4
6144
10.0.0.8
rhel
7.4
7.3
(B[mExecuting: UNIQ=_1506264917
[m[A[mCommand: UNIQ=_1506264917...
[m[138C[A[[m[1m[32m   OK    [m]
Kickstart config files are missing.
You must create files for %include.
Look in the uteeg/ks/* for examples on network, partitions, packages and post

Also need uteeg/etc/hosts entry
###INFO: Starting ./virt-inst.sh
###INFO: Sun Sep 24 10:55:39 EDT 2017
/root/uteeg/bsfl: directory
[mExecuting: rpm -q ansible
[m[A[mCommand: rpm -q ansible...
[m[138C[A[[m[1m[32m   OK    [m]
(B[mExecuting: rpm -q virt-manager
[m[A[mCommand: rpm -q virt-manager...
[m[138C[A[[m[1m[32m   OK    [m]
(B[mExecuting: rpm -q virt-install
[m[A[mCommand: rpm -q virt-install...
[m[138C[A[[m[1m[32m   OK    [m]
(B[mExecuting: rpm -q virt-viewer
[m[A[mCommand: rpm -q virt-viewer...
[m[138C[A[[m[1m[32m   OK    [m]
(B[mExecuting: rpm -q nfs-utils
[m[A[mCommand: rpm -q nfs-utils...
[m[138C[A[[m[1m[32m   OK    [m]
(B[mExecuting: rpm -q httpd
[m[A[mCommand: rpm -q httpd...
[m[138C[A[[m[1m[32m   OK    [m]
(B[mExecuting: inputfile=etc/hosts
[m[A[mCommand: inputfile=etc/hosts...
[m[138C[A[[m[1m[32m   OK    [m]
###INFO: Starting ./virt-inst.sh
###INFO: Sun Sep 24 10:56:08 EDT 2017
/root/uteeg/bsfl: directory
[mExecuting: rpm -q ansible
[m[A[mCommand: rpm -q ansible...
[m[138C[A[[m[1m[32m   OK    [m]
(B[mExecuting: rpm -q virt-manager
[m[A[mCommand: rpm -q virt-manager...
[m[138C[A[[m[1m[32m   OK    [m]
(B[mExecuting: rpm -q virt-install
[m[A[mCommand: rpm -q virt-install...
[m[138C[A[[m[1m[32m   OK    [m]
(B[mExecuting: rpm -q virt-viewer
[m[A[mCommand: rpm -q virt-viewer...
[m[138C[A[[m[1m[32m   OK    [m]
(B[mExecuting: rpm -q nfs-utils
[m[A[mCommand: rpm -q nfs-utils...
[m[138C[A[[m[1m[32m   OK    [m]
(B[mExecuting: rpm -q httpd
[m[A[mCommand: rpm -q httpd...
[m[138C[A[[m[1m[32m   OK    [m]
(B[mExecuting: VMNAME=sat-62
[m[A[mCommand: VMNAME=sat-62...
[m[138C[A[[m[1m[32m   OK    [m]
(B[mExecuting: DISC_SIZE=300
[m[A[mCommand: DISC_SIZE=300...
[m[138C[A[[m[1m[32m   OK    [m]
(B[mExecuting: VCPU=4
[m[A[mCommand: VCPU=4...
[m[138C[A[[m[1m[32m   OK    [m]
(B[mExecuting: RAM=6144
[m[A[mCommand: RAM=6144...
[m[138C[A[[m[1m[32m   OK    [m]
(B[mExecuting: IP=10.0.0.8
[m[A[mCommand: IP=10.0.0.8...
[m[138C[A[[m[1m[32m   OK    [m]
(B[mExecuting: OS=rhel
[m[A[mCommand: OS=rhel...
[m[138C[A[[m[1m[32m   OK    [m]
(B[mExecuting: RHVER=7.4
[m[A[mCommand: RHVER=7.4...
[m[138C[A[[m[1m[32m   OK    [m]
(B[mExecuting: OSVARIANT=7.3
[m[A[mCommand: OSVARIANT=7.3...
[m[138C[A[[m[1m[32m   OK    [m]
(B[mExecuting: UNIQ=_1506264968
[m[A[mCommand: UNIQ=_1506264968...
[m[138C[A[[m[1m[32m   OK    [m]
Kickstart config files are missing.
You must create files for %include.
Look in the uteeg/ks/* for examples on network, partitions, packages and post

Also need uteeg/etc/hosts entry
###INFO: Starting ./virt-inst.sh
###INFO: Sun Sep 24 11:49:09 EDT 2017
/root/uteeg/bsfl: directory
[mExecuting: rpm -q ansible
[m[A[mCommand: rpm -q ansible...
[m[138C[A[[m[1m[32m   OK    [m]
(B[mExecuting: rpm -q virt-manager
[m[A[mCommand: rpm -q virt-manager...
[m[138C[A[[m[1m[32m   OK    [m]
(B[mExecuting: rpm -q virt-install
[m[A[mCommand: rpm -q virt-install...
[m[138C[A[[m[1m[32m   OK    [m]
(B[mExecuting: rpm -q virt-viewer
[m[A[mCommand: rpm -q virt-viewer...
[m[138C[A[[m[1m[32m   OK    [m]
(B[mExecuting: rpm -q nfs-utils
[m[A[mCommand: rpm -q nfs-utils...
[m[138C[A[[m[1m[32m   OK    [m]
(B[mExecuting: rpm -q httpd
[m[A[mCommand: rpm -q httpd...
[m[138C[A[[m[1m[32m   OK    [m]
(B[mExecuting: VMNAME=sat-62
[m[A[mCommand: VMNAME=sat-62...
[m[138C[A[[m[1m[32m   OK    [m]
(B[mExecuting: DISC_SIZE=300
[m[A[mCommand: DISC_SIZE=300...
[m[138C[A[[m[1m[32m   OK    [m]
(B[mExecuting: VCPU=4
[m[A[mCommand: VCPU=4...
[m[138C[A[[m[1m[32m   OK    [m]
(B[mExecuting: RAM=6144
[m[A[mCommand: RAM=6144...
[m[138C[A[[m[1m[32m   OK    [m]
(B[mExecuting: IP=10.0.0.8
[m[A[mCommand: IP=10.0.0.8...
[m[138C[A[[m[1m[32m   OK    [m]
(B[mExecuting: OS=rhel
[m[A[mCommand: OS=rhel...
[m[138C[A[[m[1m[32m   OK    [m]
(B[mExecuting: RHVER=7.4
[m[A[mCommand: RHVER=7.4...
[m[138C[A[[m[1m[32m   OK    [m]
(B[mExecuting: OSVARIANT=7.3
[m[A[mCommand: OSVARIANT=7.3...
[m[138C[A[[m[1m[32m   OK    [m]
(B[mExecuting: UNIQ=_1506268150
[m[A[mCommand: UNIQ=_1506268150...
[m[138C[A[[m[1m[32m   OK    [m]

You must set default values/arrays in ../etc/virt-inst.cfg


###INFO: Starting ./virt-inst.sh
###INFO: Sun Sep 24 11:49:51 EDT 2017
/root/uteeg/bsfl: directory
[mExecuting: rpm -q ansible
[m[A[mCommand: rpm -q ansible...
[m[138C[A[[m[1m[32m   OK    [m]
(B[mExecuting: rpm -q virt-manager
[m[A[mCommand: rpm -q virt-manager...
[m[138C[A[[m[1m[32m   OK    [m]
(B[mExecuting: rpm -q virt-install
[m[A[mCommand: rpm -q virt-install...
[m[138C[A[[m[1m[32m   OK    [m]
(B[mExecuting: rpm -q virt-viewer
[m[A[mCommand: rpm -q virt-viewer...
[m[138C[A[[m[1m[32m   OK    [m]
(B[mExecuting: rpm -q nfs-utils
[m[A[mCommand: rpm -q nfs-utils...
[m[138C[A[[m[1m[32m   OK    [m]
(B[mExecuting: rpm -q httpd
[m[A[mCommand: rpm -q httpd...
[m[138C[A[[m[1m[32m   OK    [m]
(B[mExecuting: VMNAME=sat-62
[m[A[mCommand: VMNAME=sat-62...
[m[138C[A[[m[1m[32m   OK    [m]
(B[mExecuting: DISC_SIZE=300
[m[A[mCommand: DISC_SIZE=300...
[m[138C[A[[m[1m[32m   OK    [m]
(B[mExecuting: VCPU=4
[m[A[mCommand: VCPU=4...
[m[138C[A[[m[1m[32m   OK    [m]
(B[mExecuting: RAM=6144
[m[A[mCommand: RAM=6144...
[m[138C[A[[m[1m[32m   OK    [m]
(B[mExecuting: IP=10.0.0.8
[m[A[mCommand: IP=10.0.0.8...
[m[138C[A[[m[1m[32m   OK    [m]
(B[mExecuting: OS=rhel
[m[A[mCommand: OS=rhel...
[m[138C[A[[m[1m[32m   OK    [m]
(B[mExecuting: RHVER=7.4
[m[A[mCommand: RHVER=7.4...
[m[138C[A[[m[1m[32m   OK    [m]
(B[mExecuting: OSVARIANT=7.3
[m[A[mCommand: OSVARIANT=7.3...
[m[138C[A[[m[1m[32m   OK    [m]
(B[mExecuting: UNIQ=_1506268192
[m[A[mCommand: UNIQ=_1506268192...
[m[138C[A[[m[1m[32m   OK    [m]
Kickstart config files are missing.
You must create files for %include.
Look in the uteeg/ks/* for examples on network, partitions, packages and post

Also need uteeg/etc/hosts entry
###INFO: Starting ./virt-inst.sh
###INFO: Sun Sep 24 11:54:49 EDT 2017
/root/uteeg/bsfl: directory
[mExecuting: rpm -q ansible
[m[A[mCommand: rpm -q ansible...
[m[138C[A[[m[1m[32m   OK    [m]
(B[mExecuting: rpm -q virt-manager
[m[A[mCommand: rpm -q virt-manager...
[m[138C[A[[m[1m[32m   OK    [m]
(B[mExecuting: rpm -q virt-install
[m[A[mCommand: rpm -q virt-install...
[m[138C[A[[m[1m[32m   OK    [m]
(B[mExecuting: rpm -q virt-viewer
[m[A[mCommand: rpm -q virt-viewer...
[m[138C[A[[m[1m[32m   OK    [m]
(B[mExecuting: rpm -q nfs-utils
[m[A[mCommand: rpm -q nfs-utils...
[m[138C[A[[m[1m[32m   OK    [m]
(B[mExecuting: rpm -q httpd
[m[A[mCommand: rpm -q httpd...
[m[138C[A[[m[1m[32m   OK    [m]
(B[mExecuting: VMNAME=sat-62
[m[A[mCommand: VMNAME=sat-62...
[m[138C[A[[m[1m[32m   OK    [m]
(B[mExecuting: DISC_SIZE=300
[m[A[mCommand: DISC_SIZE=300...
[m[138C[A[[m[1m[32m   OK    [m]
(B[mExecuting: VCPU=4
[m[A[mCommand: VCPU=4...
[m[138C[A[[m[1m[32m   OK    [m]
(B[mExecuting: RAM=6144
[m[A[mCommand: RAM=6144...
[m[138C[A[[m[1m[32m   OK    [m]
(B[mExecuting: IP=10.0.0.8
[m[A[mCommand: IP=10.0.0.8...
[m[138C[A[[m[1m[32m   OK    [m]
(B[mExecuting: OS=rhel
[m[A[mCommand: OS=rhel...
[m[138C[A[[m[1m[32m   OK    [m]
(B[mExecuting: RHVER=7.4
[m[A[mCommand: RHVER=7.4...
[m[138C[A[[m[1m[32m   OK    [m]
(B[mExecuting: OSVARIANT=7.3
[m[A[mCommand: OSVARIANT=7.3...
[m[138C[A[[m[1m[32m   OK    [m]
(B[mExecuting: UNIQ=_1506268489
[m[A[mCommand: UNIQ=_1506268489...
[m[138C[A[[m[1m[32m   OK    [m]
(B[mERROR: Line 102: Need ks/network/.network
[m[138C[A[[m[1m[31m FAILED  [m]
(B[mERROR: At line 102 main ./virt-inst.sh
[m[138C[A[[m[1m[31m FAILED  [m]
(B[mERROR: Error code = msg_failed
[m[138C[A[[m[1m[31m FAILED  [m]
bsfl/lib/bsfl.sh: line 833: exit: msg_failed: numeric argument required
###INFO: Starting ./virt-inst.sh
###INFO: Sun Sep 24 11:55:54 EDT 2017
/root/uteeg/bsfl: directory
[mExecuting: rpm -q ansible
[m[A[mCommand: rpm -q ansible...
[m[138C[A[[m[1m[32m   OK    [m]
(B[mExecuting: rpm -q virt-manager
[m[A[mCommand: rpm -q virt-manager...
[m[138C[A[[m[1m[32m   OK    [m]
(B[mExecuting: rpm -q virt-install
[m[A[mCommand: rpm -q virt-install...
[m[138C[A[[m[1m[32m   OK    [m]
(B[mExecuting: rpm -q virt-viewer
[m[A[mCommand: rpm -q virt-viewer...
[m[138C[A[[m[1m[32m   OK    [m]
(B[mExecuting: rpm -q nfs-utils
[m[A[mCommand: rpm -q nfs-utils...
[m[138C[A[[m[1m[32m   OK    [m]
(B[mExecuting: rpm -q httpd
[m[A[mCommand: rpm -q httpd...
[m[138C[A[[m[1m[32m   OK    [m]
(B[mExecuting: UNIQ=sat-62_1506268554
[m[A[mCommand: UNIQ=sat-62_1506268554...
[m[138C[A[[m[1m[32m   OK    [m]
(B[mERROR: Line 102: Need ks/network/sat-62.network
[m[138C[A[[m[1m[31m FAILED  [m]
(B[mERROR: At line 102 main ./virt-inst.sh
[m[138C[A[[m[1m[31m FAILED  [m]
(B[mERROR: Error code = msg_failed
[m[138C[A[[m[1m[31m FAILED  [m]
bsfl/lib/bsfl.sh: line 833: exit: msg_failed: numeric argument required
