Sep 21 15:56:21  - This is a classic displayed message using 'msg' function.
Sep 21 15:56:21  - This is a red displayed message using 'msg' function with color parameter.
Sep 21 15:56:21 PASSED - This is a displayed message with its status given as parameter using 'msg_status' function.
Sep 21 15:56:21 ALERT - This is a displayed message with its status using 'msg_alert' function.
Sep 21 15:56:21 CRITICAL - This is a displayed message with its status using 'msg_critical' function.
Sep 21 15:56:21 DEBUG - This is a displayed message with its status using 'msg_debug' function.
Sep 21 15:56:21 EMERGENCY - This is a displayed message with its status using 'msg_emergency' function.
Sep 21 15:56:21 ERROR - This is a displayed message with its status using 'msg_error' function.
Sep 21 15:56:21 INFO - This is a displayed message with its status using 'msg_info' function.
Sep 21 15:56:21 NOT_OK - This is a displayed message with its status using 'msg_not_ok' function.
Sep 21 15:56:21 NOTICE - This is a displayed message with its status using 'msg_notice' function.
Sep 21 15:56:21 OK - This is a displayed message with its status using 'msg_ok' function.
Sep 21 15:56:21 PASSED - This is a displayed message with its status using 'msg_passed' function.
Sep 21 15:56:21 SUCCESS - This is a displayed message with its status using 'msg_success' function.
Sep 21 15:56:21 WARNING - This is a displayed message with its status using 'msg_warning' function.
Sep 21 16:00:22  - This is a classic displayed message using 'msg' function.
Sep 21 16:00:22  - This is a red displayed message using 'msg' function with color parameter.
Sep 21 16:00:22 PASSED - This is a displayed message with its status given as parameter using 'msg_status' function.
Sep 21 16:00:22 ALERT - This is a displayed message with its status using 'msg_alert' function.
Sep 21 16:00:22 CRITICAL - This is a displayed message with its status using 'msg_critical' function.
Sep 21 16:00:22 DEBUG - This is a displayed message with its status using 'msg_debug' function.
Sep 21 16:00:22 EMERGENCY - This is a displayed message with its status using 'msg_emergency' function.
Sep 21 16:00:22 ERROR - This is a displayed message with its status using 'msg_error' function.
Sep 21 16:00:22 INFO - This is a displayed message with its status using 'msg_info' function.
Sep 21 16:00:22 NOT_OK - This is a displayed message with its status using 'msg_not_ok' function.
Sep 21 16:00:22 NOTICE - This is a displayed message with its status using 'msg_notice' function.
Sep 21 16:00:22 OK - This is a displayed message with its status using 'msg_ok' function.
Sep 21 16:00:22 PASSED - This is a displayed message with its status using 'msg_passed' function.
Sep 21 16:00:22 SUCCESS - This is a displayed message with its status using 'msg_success' function.
Sep 21 16:00:22 WARNING - This is a displayed message with its status using 'msg_warning' function.
Sep 21 16:01:07  - This is a classic displayed message using 'msg' function.
Sep 21 16:01:07  - This is a red displayed message using 'msg' function with color parameter.
Sep 21 16:01:07 PASSED - This is a displayed message with its status given as parameter using 'msg_status' function.
Sep 21 16:01:07 ALERT - This is a displayed message with its status using 'msg_alert' function.
Sep 21 16:01:08 CRITICAL - This is a displayed message with its status using 'msg_critical' function.
Sep 21 16:01:08 DEBUG - This is a displayed message with its status using 'msg_debug' function.
Sep 21 16:01:08 EMERGENCY - This is a displayed message with its status using 'msg_emergency' function.
Sep 21 16:01:08 ERROR - This is a displayed message with its status using 'msg_error' function.
Sep 21 16:01:08 INFO - This is a displayed message with its status using 'msg_info' function.
Sep 21 16:01:08 NOT_OK - This is a displayed message with its status using 'msg_not_ok' function.
Sep 21 16:01:08 NOTICE - This is a displayed message with its status using 'msg_notice' function.
Sep 21 16:01:08 OK - This is a displayed message with its status using 'msg_ok' function.
Sep 21 16:01:08 PASSED - This is a displayed message with its status using 'msg_passed' function.
Sep 21 16:01:08 SUCCESS - This is a displayed message with its status using 'msg_success' function.
Sep 21 16:01:08 WARNING - This is a displayed message with its status using 'msg_warning' function.
Sep 21 16:03:02  - This is a classic displayed message using 'msg' function.
Sep 21 16:03:02  - This is a red displayed message using 'msg' function with color parameter.
Sep 21 16:03:02 PASSED - This is a displayed message with its status given as parameter using 'msg_status' function.
Sep 21 16:03:02 ALERT - This is a displayed message with its status using 'msg_alert' function.
Sep 21 16:03:02 CRITICAL - This is a displayed message with its status using 'msg_critical' function.
Sep 21 16:03:02 DEBUG - This is a displayed message with its status using 'msg_debug' function.
Sep 21 16:03:02 EMERGENCY - This is a displayed message with its status using 'msg_emergency' function.
Sep 21 16:03:02 ERROR - This is a displayed message with its status using 'msg_error' function.
Sep 21 16:03:02 INFO - This is a displayed message with its status using 'msg_info' function.
Sep 21 16:03:02 NOT_OK - This is a displayed message with its status using 'msg_not_ok' function.
Sep 21 16:03:02 NOTICE - This is a displayed message with its status using 'msg_notice' function.
Sep 21 16:03:02 OK - This is a displayed message with its status using 'msg_ok' function.
Sep 21 16:03:02 PASSED - This is a displayed message with its status using 'msg_passed' function.
Sep 21 16:03:02 SUCCESS - This is a displayed message with its status using 'msg_success' function.
Sep 21 16:03:02 WARNING - This is a displayed message with its status using 'msg_warning' function.
