2018-09-04T10:43:39-0400  - Executing: has_value VMNAME
2018-09-04T10:43:39-0400 OK - Command: has_value VMNAME...
2018-09-04T10:43:39-0400  - Executing: has_value DISC_SIZE
2018-09-04T10:43:39-0400 OK - Command: has_value DISC_SIZE...
2018-09-04T10:43:39-0400  - Executing: has_value VCPUS
2018-09-04T10:43:39-0400 OK - Command: has_value VCPUS...
2018-09-04T10:43:39-0400  - Executing: has_value RAM
2018-09-04T10:43:39-0400 OK - Command: has_value RAM...
2018-09-04T10:43:39-0400  - Executing: has_value IP
2018-09-04T10:43:39-0400 OK - Command: has_value IP...
2018-09-04T10:43:39-0400  - Executing: has_value OS
2018-09-04T10:43:39-0400 OK - Command: has_value OS...
2018-09-04T10:43:39-0400  - Executing: has_value RHVER
2018-09-04T10:43:39-0400 OK - Command: has_value RHVER...
2018-09-04T10:43:39-0400  - Executing: has_value OSVARIANT
2018-09-04T10:43:39-0400 OK - Command: has_value OSVARIANT...
2018-09-04T10:43:39-0400  - Executing: has_value VIRTHOST
2018-09-04T10:43:39-0400 OK - Command: has_value VIRTHOST...
2018-09-04T10:43:39-0400  - Executing: has_value DISC
2018-09-04T10:43:39-0400 OK - Command: has_value DISC...
2018-09-04T10:43:39-0400  - Executing: has_value NIC
2018-09-04T10:43:39-0400 OK - Command: has_value NIC...
2018-09-04T10:43:39-0400  - Executing: has_value MASK
2018-09-04T10:43:39-0400 OK - Command: has_value MASK...
2018-09-04T10:43:39-0400  - Executing: has_value ISO
2018-09-04T10:43:39-0400 OK - Command: has_value ISO...
2018-09-04T10:43:39-0400  - Executing: has_value MEDIA
2018-09-04T10:43:39-0400 OK - Command: has_value MEDIA...
2018-09-04T10:43:39-0400  - Executing: has_value NETWORK
2018-09-04T10:43:39-0400 OK - Command: has_value NETWORK...
2018-09-04T10:44:32-0400  - Executing: has_value VMNAME
2018-09-04T10:44:32-0400 OK - Command: has_value VMNAME...
2018-09-04T10:44:32-0400  - Executing: has_value DISC_SIZE
2018-09-04T10:44:32-0400 OK - Command: has_value DISC_SIZE...
2018-09-04T10:44:32-0400  - Executing: has_value VCPUS
2018-09-04T10:44:32-0400 OK - Command: has_value VCPUS...
2018-09-04T10:44:32-0400  - Executing: has_value RAM
2018-09-04T10:44:32-0400 OK - Command: has_value RAM...
2018-09-04T10:44:32-0400  - Executing: has_value IP
2018-09-04T10:44:32-0400 OK - Command: has_value IP...
2018-09-04T10:44:32-0400  - Executing: has_value OS
2018-09-04T10:44:32-0400 OK - Command: has_value OS...
2018-09-04T10:44:32-0400  - Executing: has_value RHVER
2018-09-04T10:44:32-0400 OK - Command: has_value RHVER...
2018-09-04T10:44:32-0400  - Executing: has_value OSVARIANT
2018-09-04T10:44:32-0400 OK - Command: has_value OSVARIANT...
2018-09-04T10:44:32-0400  - Executing: has_value VIRTHOST
2018-09-04T10:44:32-0400 OK - Command: has_value VIRTHOST...
2018-09-04T10:44:32-0400  - Executing: has_value DISC
2018-09-04T10:44:32-0400 OK - Command: has_value DISC...
2018-09-04T10:44:32-0400  - Executing: has_value NIC
2018-09-04T10:44:32-0400 OK - Command: has_value NIC...
2018-09-04T10:44:32-0400  - Executing: has_value MASK
2018-09-04T10:44:32-0400 OK - Command: has_value MASK...
2018-09-04T10:44:32-0400  - Executing: has_value ISO
2018-09-04T10:44:32-0400 OK - Command: has_value ISO...
2018-09-04T10:44:32-0400  - Executing: has_value MEDIA
2018-09-04T10:44:32-0400 OK - Command: has_value MEDIA...
2018-09-04T10:44:32-0400  - Executing: has_value NETWORK
2018-09-04T10:44:32-0400 OK - Command: has_value NETWORK...
2018-09-04T10:50:09-0400  - Executing: has_value VMNAME
2018-09-04T10:50:09-0400 OK - Command: has_value VMNAME...
2018-09-04T10:50:09-0400  - Executing: has_value DISC_SIZE
2018-09-04T10:50:09-0400 OK - Command: has_value DISC_SIZE...
2018-09-04T10:50:09-0400  - Executing: has_value VCPUS
2018-09-04T10:50:09-0400 OK - Command: has_value VCPUS...
2018-09-04T10:50:09-0400  - Executing: has_value RAM
2018-09-04T10:50:09-0400 OK - Command: has_value RAM...
2018-09-04T10:50:09-0400  - Executing: has_value IP
2018-09-04T10:50:09-0400 OK - Command: has_value IP...
2018-09-04T10:50:09-0400  - Executing: has_value OS
2018-09-04T10:50:09-0400 OK - Command: has_value OS...
2018-09-04T10:50:09-0400  - Executing: has_value RHVER
2018-09-04T10:50:09-0400 OK - Command: has_value RHVER...
2018-09-04T10:50:09-0400  - Executing: has_value OSVARIANT
2018-09-04T10:50:09-0400 OK - Command: has_value OSVARIANT...
2018-09-04T10:50:09-0400  - Executing: has_value VIRTHOST
2018-09-04T10:50:09-0400 OK - Command: has_value VIRTHOST...
2018-09-04T10:50:09-0400  - Executing: has_value DISC
2018-09-04T10:50:09-0400 OK - Command: has_value DISC...
2018-09-04T10:50:09-0400  - Executing: has_value NIC
2018-09-04T10:50:09-0400 OK - Command: has_value NIC...
2018-09-04T10:50:09-0400  - Executing: has_value MASK
2018-09-04T10:50:09-0400 OK - Command: has_value MASK...
2018-09-04T10:50:09-0400  - Executing: has_value ISO
2018-09-04T10:50:09-0400 OK - Command: has_value ISO...
2018-09-04T10:50:09-0400  - Executing: has_value MEDIA
2018-09-04T10:50:09-0400 OK - Command: has_value MEDIA...
2018-09-04T10:50:09-0400  - Executing: has_value NETWORK
2018-09-04T10:50:09-0400 OK - Command: has_value NETWORK...
2018-09-04T10:51:39-0400  - Executing: has_value VMNAME
2018-09-04T10:51:39-0400 OK - Command: has_value VMNAME...
2018-09-04T10:51:39-0400  - Executing: has_value DISC_SIZE
2018-09-04T10:51:39-0400 OK - Command: has_value DISC_SIZE...
2018-09-04T10:51:39-0400  - Executing: has_value VCPUS
2018-09-04T10:51:39-0400 OK - Command: has_value VCPUS...
2018-09-04T10:51:39-0400  - Executing: has_value RAM
2018-09-04T10:51:39-0400 OK - Command: has_value RAM...
2018-09-04T10:51:39-0400  - Executing: has_value IP
2018-09-04T10:51:39-0400 OK - Command: has_value IP...
2018-09-04T10:51:39-0400  - Executing: has_value OS
2018-09-04T10:51:39-0400 OK - Command: has_value OS...
2018-09-04T10:51:39-0400  - Executing: has_value RHVER
2018-09-04T10:51:39-0400 OK - Command: has_value RHVER...
2018-09-04T10:51:39-0400  - Executing: has_value OSVARIANT
2018-09-04T10:51:39-0400 OK - Command: has_value OSVARIANT...
2018-09-04T10:51:39-0400  - Executing: has_value VIRTHOST
2018-09-04T10:51:39-0400 OK - Command: has_value VIRTHOST...
2018-09-04T10:51:39-0400  - Executing: has_value DISC
2018-09-04T10:51:39-0400 OK - Command: has_value DISC...
2018-09-04T10:51:39-0400  - Executing: has_value NIC
2018-09-04T10:51:39-0400 OK - Command: has_value NIC...
2018-09-04T10:51:39-0400  - Executing: has_value MASK
2018-09-04T10:51:39-0400 OK - Command: has_value MASK...
2018-09-04T10:51:39-0400  - Executing: has_value ISO
2018-09-04T10:51:39-0400 OK - Command: has_value ISO...
2018-09-04T10:51:39-0400  - Executing: has_value MEDIA
2018-09-04T10:51:39-0400 OK - Command: has_value MEDIA...
2018-09-04T10:51:39-0400  - Executing: has_value NETWORK
2018-09-04T10:51:39-0400 OK - Command: has_value NETWORK...
2018-09-04T10:55:45-0400  - Executing: has_value VMNAME
2018-09-04T10:55:45-0400 OK - Command: has_value VMNAME...
2018-09-04T10:55:45-0400  - Executing: has_value DISC_SIZE
2018-09-04T10:55:45-0400 OK - Command: has_value DISC_SIZE...
2018-09-04T10:55:45-0400  - Executing: has_value VCPUS
2018-09-04T10:55:45-0400 OK - Command: has_value VCPUS...
2018-09-04T10:55:45-0400  - Executing: has_value RAM
2018-09-04T10:55:45-0400 OK - Command: has_value RAM...
2018-09-04T10:55:45-0400  - Executing: has_value IP
2018-09-04T10:55:45-0400 OK - Command: has_value IP...
2018-09-04T10:55:45-0400  - Executing: has_value OS
2018-09-04T10:55:45-0400 OK - Command: has_value OS...
2018-09-04T10:55:45-0400  - Executing: has_value RHVER
2018-09-04T10:55:45-0400 OK - Command: has_value RHVER...
2018-09-04T10:55:45-0400  - Executing: has_value OSVARIANT
2018-09-04T10:55:45-0400 OK - Command: has_value OSVARIANT...
2018-09-04T10:55:45-0400  - Executing: has_value VIRTHOST
2018-09-04T10:55:45-0400 OK - Command: has_value VIRTHOST...
2018-09-04T10:55:45-0400  - Executing: has_value DISC
2018-09-04T10:55:45-0400 OK - Command: has_value DISC...
2018-09-04T10:55:45-0400  - Executing: has_value NIC
2018-09-04T10:55:45-0400 OK - Command: has_value NIC...
2018-09-04T10:55:45-0400  - Executing: has_value MASK
2018-09-04T10:55:45-0400 OK - Command: has_value MASK...
2018-09-04T10:55:45-0400  - Executing: has_value ISO
2018-09-04T10:55:45-0400 OK - Command: has_value ISO...
2018-09-04T10:55:45-0400  - Executing: has_value MEDIA
2018-09-04T10:55:46-0400 OK - Command: has_value MEDIA...
2018-09-04T10:55:46-0400  - Executing: has_value NETWORK
2018-09-04T10:55:46-0400 OK - Command: has_value NETWORK...
2018-09-04T10:56:25-0400  - Executing: has_value VMNAME
2018-09-04T10:56:25-0400 OK - Command: has_value VMNAME...
2018-09-04T10:56:25-0400  - Executing: has_value DISC_SIZE
2018-09-04T10:56:25-0400 OK - Command: has_value DISC_SIZE...
2018-09-04T10:56:25-0400  - Executing: has_value VCPUS
2018-09-04T10:56:25-0400 OK - Command: has_value VCPUS...
2018-09-04T10:56:25-0400  - Executing: has_value RAM
2018-09-04T10:56:25-0400 OK - Command: has_value RAM...
2018-09-04T10:56:25-0400  - Executing: has_value IP
2018-09-04T10:56:25-0400 OK - Command: has_value IP...
2018-09-04T10:56:25-0400  - Executing: has_value OS
2018-09-04T10:56:25-0400 OK - Command: has_value OS...
2018-09-04T10:56:25-0400  - Executing: has_value RHVER
2018-09-04T10:56:25-0400 OK - Command: has_value RHVER...
2018-09-04T10:56:25-0400  - Executing: has_value OSVARIANT
2018-09-04T10:56:25-0400 OK - Command: has_value OSVARIANT...
2018-09-04T10:56:25-0400  - Executing: has_value VIRTHOST
2018-09-04T10:56:25-0400 OK - Command: has_value VIRTHOST...
2018-09-04T10:56:25-0400  - Executing: has_value DISC
2018-09-04T10:56:25-0400 OK - Command: has_value DISC...
2018-09-04T10:56:25-0400  - Executing: has_value NIC
2018-09-04T10:56:25-0400 OK - Command: has_value NIC...
2018-09-04T10:56:25-0400  - Executing: has_value MASK
2018-09-04T10:56:25-0400 OK - Command: has_value MASK...
2018-09-04T10:56:25-0400  - Executing: has_value ISO
2018-09-04T10:56:25-0400 OK - Command: has_value ISO...
2018-09-04T10:56:25-0400  - Executing: has_value MEDIA
2018-09-04T10:56:25-0400 OK - Command: has_value MEDIA...
2018-09-04T10:56:25-0400  - Executing: has_value NETWORK
2018-09-04T10:56:25-0400 OK - Command: has_value NETWORK...
2018-09-04T10:58:04-0400  - Executing: has_value VMNAME
2018-09-04T10:58:04-0400 OK - Command: has_value VMNAME...
2018-09-04T10:58:04-0400  - Executing: has_value DISC_SIZE
2018-09-04T10:58:04-0400 OK - Command: has_value DISC_SIZE...
2018-09-04T10:58:04-0400  - Executing: has_value VCPUS
2018-09-04T10:58:04-0400 OK - Command: has_value VCPUS...
2018-09-04T10:58:04-0400  - Executing: has_value RAM
2018-09-04T10:58:04-0400 OK - Command: has_value RAM...
2018-09-04T10:58:04-0400  - Executing: has_value IP
2018-09-04T10:58:04-0400 OK - Command: has_value IP...
2018-09-04T10:58:04-0400  - Executing: has_value OS
2018-09-04T10:58:04-0400 OK - Command: has_value OS...
2018-09-04T10:58:04-0400  - Executing: has_value RHVER
2018-09-04T10:58:04-0400 OK - Command: has_value RHVER...
2018-09-04T10:58:04-0400  - Executing: has_value OSVARIANT
2018-09-04T10:58:04-0400 OK - Command: has_value OSVARIANT...
2018-09-04T10:58:04-0400  - Executing: has_value VIRTHOST
2018-09-04T10:58:04-0400 OK - Command: has_value VIRTHOST...
2018-09-04T10:58:04-0400  - Executing: has_value DISC
2018-09-04T10:58:04-0400 OK - Command: has_value DISC...
2018-09-04T10:58:04-0400  - Executing: has_value NIC
2018-09-04T10:58:04-0400 OK - Command: has_value NIC...
2018-09-04T10:58:04-0400  - Executing: has_value MASK
2018-09-04T10:58:04-0400 OK - Command: has_value MASK...
2018-09-04T10:58:04-0400  - Executing: has_value ISO
2018-09-04T10:58:04-0400 OK - Command: has_value ISO...
2018-09-04T10:58:04-0400  - Executing: has_value MEDIA
2018-09-04T10:58:04-0400 OK - Command: has_value MEDIA...
2018-09-04T10:58:04-0400  - Executing: has_value NETWORK
2018-09-04T10:58:04-0400 OK - Command: has_value NETWORK...
2018-09-04T11:01:15-0400  - Executing: has_value VMNAME
2018-09-04T11:01:15-0400 OK - Command: has_value VMNAME...
2018-09-04T11:01:15-0400  - Executing: has_value DISC_SIZE
2018-09-04T11:01:15-0400 OK - Command: has_value DISC_SIZE...
2018-09-04T11:01:15-0400  - Executing: has_value VCPUS
2018-09-04T11:01:15-0400 OK - Command: has_value VCPUS...
2018-09-04T11:01:15-0400  - Executing: has_value RAM
2018-09-04T11:01:15-0400 OK - Command: has_value RAM...
2018-09-04T11:01:15-0400  - Executing: has_value IP
2018-09-04T11:01:15-0400 OK - Command: has_value IP...
2018-09-04T11:01:15-0400  - Executing: has_value OS
2018-09-04T11:01:15-0400 OK - Command: has_value OS...
2018-09-04T11:01:15-0400  - Executing: has_value RHVER
2018-09-04T11:01:15-0400 OK - Command: has_value RHVER...
2018-09-04T11:01:15-0400  - Executing: has_value OSVARIANT
2018-09-04T11:01:15-0400 OK - Command: has_value OSVARIANT...
2018-09-04T11:01:15-0400  - Executing: has_value VIRTHOST
2018-09-04T11:01:15-0400 OK - Command: has_value VIRTHOST...
2018-09-04T11:01:15-0400  - Executing: has_value DISC
2018-09-04T11:01:15-0400 OK - Command: has_value DISC...
2018-09-04T11:01:15-0400  - Executing: has_value NIC
2018-09-04T11:01:15-0400 OK - Command: has_value NIC...
2018-09-04T11:01:15-0400  - Executing: has_value MASK
2018-09-04T11:01:15-0400 OK - Command: has_value MASK...
2018-09-04T11:01:15-0400  - Executing: has_value ISO
2018-09-04T11:01:15-0400 OK - Command: has_value ISO...
2018-09-04T11:01:15-0400  - Executing: has_value MEDIA
2018-09-04T11:01:15-0400 OK - Command: has_value MEDIA...
2018-09-04T11:01:15-0400  - Executing: has_value NETWORK
2018-09-04T11:01:15-0400 OK - Command: has_value NETWORK...
2018-09-04T11:02:00-0400  - Executing: has_value VMNAME
2018-09-04T11:02:00-0400 OK - Command: has_value VMNAME...
2018-09-04T11:02:00-0400  - Executing: has_value DISC_SIZE
2018-09-04T11:02:00-0400 OK - Command: has_value DISC_SIZE...
2018-09-04T11:02:00-0400  - Executing: has_value VCPUS
2018-09-04T11:02:00-0400 OK - Command: has_value VCPUS...
2018-09-04T11:02:00-0400  - Executing: has_value RAM
2018-09-04T11:02:00-0400 OK - Command: has_value RAM...
2018-09-04T11:02:00-0400  - Executing: has_value IP
2018-09-04T11:02:00-0400 OK - Command: has_value IP...
2018-09-04T11:02:00-0400  - Executing: has_value OS
2018-09-04T11:02:00-0400 OK - Command: has_value OS...
2018-09-04T11:02:00-0400  - Executing: has_value RHVER
2018-09-04T11:02:00-0400 OK - Command: has_value RHVER...
2018-09-04T11:02:00-0400  - Executing: has_value OSVARIANT
2018-09-04T11:02:00-0400 OK - Command: has_value OSVARIANT...
2018-09-04T11:02:00-0400  - Executing: has_value VIRTHOST
2018-09-04T11:02:00-0400 OK - Command: has_value VIRTHOST...
2018-09-04T11:02:00-0400  - Executing: has_value DISC
2018-09-04T11:02:00-0400 OK - Command: has_value DISC...
2018-09-04T11:02:01-0400  - Executing: has_value NIC
2018-09-04T11:02:01-0400 OK - Command: has_value NIC...
2018-09-04T11:02:01-0400  - Executing: has_value MASK
2018-09-04T11:02:01-0400 OK - Command: has_value MASK...
2018-09-04T11:02:01-0400  - Executing: has_value ISO
2018-09-04T11:02:01-0400 OK - Command: has_value ISO...
2018-09-04T11:02:01-0400  - Executing: has_value MEDIA
2018-09-04T11:02:01-0400 OK - Command: has_value MEDIA...
2018-09-04T11:02:01-0400  - Executing: has_value NETWORK
2018-09-04T11:02:01-0400 OK - Command: has_value NETWORK...
2018-09-06T14:00:35-0400  - Executing: has_value VMNAME
2018-09-06T14:00:35-0400 OK - Command: has_value VMNAME...
2018-09-06T14:00:35-0400  - Executing: has_value DISC_SIZE
2018-09-06T14:00:35-0400 OK - Command: has_value DISC_SIZE...
2018-09-06T14:00:35-0400  - Executing: has_value VCPUS
2018-09-06T14:00:35-0400 OK - Command: has_value VCPUS...
2018-09-06T14:00:35-0400  - Executing: has_value RAM
2018-09-06T14:00:35-0400 OK - Command: has_value RAM...
2018-09-06T14:00:35-0400  - Executing: has_value IP
2018-09-06T14:00:35-0400 OK - Command: has_value IP...
2018-09-06T14:00:35-0400  - Executing: has_value OS
2018-09-06T14:00:35-0400 OK - Command: has_value OS...
2018-09-06T14:00:35-0400  - Executing: has_value RHVER
2018-09-06T14:00:35-0400 OK - Command: has_value RHVER...
2018-09-06T14:00:35-0400  - Executing: has_value OSVARIANT
2018-09-06T14:00:35-0400 OK - Command: has_value OSVARIANT...
2018-09-06T14:00:35-0400  - Executing: has_value VIRTHOST
2018-09-06T14:00:35-0400 OK - Command: has_value VIRTHOST...
2018-09-06T14:00:35-0400  - Executing: has_value DISC
2018-09-06T14:00:35-0400 OK - Command: has_value DISC...
2018-09-06T14:00:35-0400  - Executing: has_value NIC
2018-09-06T14:00:35-0400 OK - Command: has_value NIC...
2018-09-06T14:00:35-0400  - Executing: has_value MASK
2018-09-06T14:00:35-0400 OK - Command: has_value MASK...
2018-09-06T14:00:35-0400  - Executing: has_value ISO
2018-09-06T14:00:35-0400 OK - Command: has_value ISO...
2018-09-06T14:00:35-0400  - Executing: has_value MEDIA
2018-09-06T14:00:35-0400 OK - Command: has_value MEDIA...
2018-09-06T14:00:35-0400  - Executing: has_value NETWORK
2018-09-06T14:00:35-0400 OK - Command: has_value NETWORK...
2018-09-12T07:21:35-0400  - Executing: has_value VMNAME
2018-09-12T07:21:35-0400 OK - Command: has_value VMNAME...
2018-09-12T07:21:35-0400  - Executing: has_value DISC_SIZE
2018-09-12T07:21:35-0400 OK - Command: has_value DISC_SIZE...
2018-09-12T07:21:35-0400  - Executing: has_value VCPUS
2018-09-12T07:21:35-0400 OK - Command: has_value VCPUS...
2018-09-12T07:21:35-0400  - Executing: has_value RAM
2018-09-12T07:21:35-0400 OK - Command: has_value RAM...
2018-09-12T07:21:35-0400  - Executing: has_value IP
2018-09-12T07:21:35-0400 OK - Command: has_value IP...
2018-09-12T07:21:35-0400  - Executing: has_value OS
2018-09-12T07:21:35-0400 OK - Command: has_value OS...
2018-09-12T07:21:35-0400  - Executing: has_value RHVER
2018-09-12T07:21:35-0400 OK - Command: has_value RHVER...
2018-09-12T07:21:35-0400  - Executing: has_value OSVARIANT
2018-09-12T07:21:35-0400 OK - Command: has_value OSVARIANT...
2018-09-12T07:21:35-0400  - Executing: has_value VIRTHOST
2018-09-12T07:21:35-0400 OK - Command: has_value VIRTHOST...
2018-09-12T07:21:35-0400  - Executing: has_value DISC
2018-09-12T07:21:35-0400 OK - Command: has_value DISC...
2018-09-12T07:21:35-0400  - Executing: has_value NIC
2018-09-12T07:21:35-0400 OK - Command: has_value NIC...
2018-09-12T07:21:35-0400  - Executing: has_value MASK
2018-09-12T07:21:35-0400 OK - Command: has_value MASK...
2018-09-12T07:21:36-0400  - Executing: has_value ISO
2018-09-12T07:21:36-0400 OK - Command: has_value ISO...
2018-09-12T07:21:36-0400  - Executing: has_value MEDIA
2018-09-12T07:21:36-0400 OK - Command: has_value MEDIA...
2018-09-12T07:21:36-0400  - Executing: has_value NETWORK
2018-09-12T07:21:36-0400 OK - Command: has_value NETWORK...
2018-11-10T10:21:03-0500  - Executing: has_value VMNAME
2018-11-10T10:21:03-0500 OK - Command: has_value VMNAME...
2018-11-10T10:21:03-0500  - Executing: has_value DISC_SIZE
2018-11-10T10:21:03-0500 OK - Command: has_value DISC_SIZE...
2018-11-10T10:21:03-0500  - Executing: has_value VCPUS
2018-11-10T10:21:03-0500 OK - Command: has_value VCPUS...
2018-11-10T10:21:03-0500  - Executing: has_value RAM
2018-11-10T10:21:03-0500 OK - Command: has_value RAM...
2018-11-10T10:21:03-0500  - Executing: has_value IP
2018-11-10T10:21:03-0500 OK - Command: has_value IP...
2018-11-10T10:21:03-0500  - Executing: has_value OS
2018-11-10T10:21:03-0500 OK - Command: has_value OS...
2018-11-10T10:21:03-0500  - Executing: has_value RHVER
2018-11-10T10:21:03-0500 OK - Command: has_value RHVER...
2018-11-10T10:21:03-0500  - Executing: has_value OSVARIANT
2018-11-10T10:21:03-0500 OK - Command: has_value OSVARIANT...
2018-11-10T10:21:03-0500  - Executing: has_value VIRTHOST
2018-11-10T10:21:03-0500 OK - Command: has_value VIRTHOST...
2018-11-10T10:21:03-0500  - Executing: has_value DISC
2018-11-10T10:21:03-0500 OK - Command: has_value DISC...
2018-11-10T10:21:03-0500  - Executing: has_value NIC
2018-11-10T10:21:03-0500 OK - Command: has_value NIC...
2018-11-10T10:21:03-0500  - Executing: has_value MASK
2018-11-10T10:21:03-0500 OK - Command: has_value MASK...
2018-11-10T10:21:03-0500  - Executing: has_value ISO
2018-11-10T10:21:03-0500 OK - Command: has_value ISO...
2018-11-10T10:21:03-0500  - Executing: has_value MEDIA
2018-11-10T10:21:03-0500 OK - Command: has_value MEDIA...
2018-11-10T10:21:03-0500  - Executing: has_value NETWORK
2018-11-10T10:21:03-0500 OK - Command: has_value NETWORK...
2018-11-10T10:49:27-0500  - Executing: has_value VMNAME
2018-11-10T10:49:27-0500 OK - Command: has_value VMNAME...
2018-11-10T10:49:27-0500  - Executing: has_value DISC_SIZE
2018-11-10T10:49:27-0500 OK - Command: has_value DISC_SIZE...
2018-11-10T10:49:27-0500  - Executing: has_value VCPUS
2018-11-10T10:49:27-0500 OK - Command: has_value VCPUS...
2018-11-10T10:49:27-0500  - Executing: has_value RAM
2018-11-10T10:49:27-0500 OK - Command: has_value RAM...
2018-11-10T10:49:27-0500  - Executing: has_value IP
2018-11-10T10:49:27-0500 OK - Command: has_value IP...
2018-11-10T10:49:27-0500  - Executing: has_value OS
2018-11-10T10:49:27-0500 OK - Command: has_value OS...
2018-11-10T10:49:27-0500  - Executing: has_value RHVER
2018-11-10T10:49:27-0500 OK - Command: has_value RHVER...
2018-11-10T10:49:27-0500  - Executing: has_value OSVARIANT
2018-11-10T10:49:27-0500 OK - Command: has_value OSVARIANT...
2018-11-10T10:49:27-0500  - Executing: has_value VIRTHOST
2018-11-10T10:49:27-0500 OK - Command: has_value VIRTHOST...
2018-11-10T10:49:27-0500  - Executing: has_value DISC
2018-11-10T10:49:27-0500 OK - Command: has_value DISC...
2018-11-10T10:49:27-0500  - Executing: has_value NIC
2018-11-10T10:49:27-0500 OK - Command: has_value NIC...
2018-11-10T10:49:27-0500  - Executing: has_value MASK
2018-11-10T10:49:27-0500 OK - Command: has_value MASK...
2018-11-10T10:49:27-0500  - Executing: has_value ISO
2018-11-10T10:49:28-0500 OK - Command: has_value ISO...
2018-11-10T10:49:28-0500  - Executing: has_value MEDIA
2018-11-10T10:49:28-0500 OK - Command: has_value MEDIA...
2018-11-10T10:49:28-0500  - Executing: has_value NETWORK
2018-11-10T10:49:28-0500 OK - Command: has_value NETWORK...
2018-12-31T12:24:15-0500  - Executing: has_value VMNAME
2018-12-31T12:24:15-0500 OK - Command: has_value VMNAME...
2018-12-31T12:24:15-0500  - Executing: has_value DISC_SIZE
2018-12-31T12:24:15-0500 OK - Command: has_value DISC_SIZE...
2018-12-31T12:24:15-0500  - Executing: has_value VCPUS
2018-12-31T12:24:15-0500 OK - Command: has_value VCPUS...
2018-12-31T12:24:15-0500  - Executing: has_value RAM
2018-12-31T12:24:15-0500 OK - Command: has_value RAM...
2018-12-31T12:24:15-0500  - Executing: has_value IP
2018-12-31T12:24:15-0500 OK - Command: has_value IP...
2018-12-31T12:24:15-0500  - Executing: has_value OS
2018-12-31T12:24:16-0500 OK - Command: has_value OS...
2018-12-31T12:24:16-0500  - Executing: has_value RHVER
2018-12-31T12:24:16-0500 OK - Command: has_value RHVER...
2018-12-31T12:24:16-0500  - Executing: has_value OSVARIANT
2018-12-31T12:24:16-0500 OK - Command: has_value OSVARIANT...
2018-12-31T12:24:16-0500  - Executing: has_value VIRTHOST
2018-12-31T12:24:16-0500 OK - Command: has_value VIRTHOST...
2018-12-31T12:24:16-0500  - Executing: has_value DISC
2018-12-31T12:24:16-0500 OK - Command: has_value DISC...
2018-12-31T12:24:16-0500  - Executing: has_value NIC
2018-12-31T12:24:16-0500 OK - Command: has_value NIC...
2018-12-31T12:24:16-0500  - Executing: has_value MASK
2018-12-31T12:24:16-0500 OK - Command: has_value MASK...
2018-12-31T12:24:16-0500  - Executing: has_value ISO
2018-12-31T12:24:16-0500 OK - Command: has_value ISO...
2018-12-31T12:24:16-0500  - Executing: has_value MEDIA
2018-12-31T12:24:16-0500 OK - Command: has_value MEDIA...
2018-12-31T12:24:16-0500  - Executing: has_value NETWORK
2018-12-31T12:24:16-0500 OK - Command: has_value NETWORK...
2018-12-31T12:25:03-0500  - Executing: has_value VMNAME
2018-12-31T12:25:03-0500 OK - Command: has_value VMNAME...
2018-12-31T12:25:03-0500  - Executing: has_value DISC_SIZE
2018-12-31T12:25:03-0500 OK - Command: has_value DISC_SIZE...
2018-12-31T12:25:03-0500  - Executing: has_value VCPUS
2018-12-31T12:25:03-0500 OK - Command: has_value VCPUS...
2018-12-31T12:25:03-0500  - Executing: has_value RAM
2018-12-31T12:25:03-0500 OK - Command: has_value RAM...
2018-12-31T12:25:03-0500  - Executing: has_value IP
2018-12-31T12:25:03-0500 OK - Command: has_value IP...
2018-12-31T12:25:03-0500  - Executing: has_value OS
2018-12-31T12:25:03-0500 OK - Command: has_value OS...
2018-12-31T12:25:03-0500  - Executing: has_value RHVER
2018-12-31T12:25:03-0500 OK - Command: has_value RHVER...
2018-12-31T12:25:03-0500  - Executing: has_value OSVARIANT
2018-12-31T12:25:03-0500 OK - Command: has_value OSVARIANT...
2018-12-31T12:25:03-0500  - Executing: has_value VIRTHOST
2018-12-31T12:25:03-0500 OK - Command: has_value VIRTHOST...
2018-12-31T12:25:03-0500  - Executing: has_value DISC
2018-12-31T12:25:03-0500 OK - Command: has_value DISC...
2018-12-31T12:25:03-0500  - Executing: has_value NIC
2018-12-31T12:25:03-0500 OK - Command: has_value NIC...
2018-12-31T12:25:03-0500  - Executing: has_value MASK
2018-12-31T12:25:03-0500 OK - Command: has_value MASK...
2018-12-31T12:25:03-0500  - Executing: has_value ISO
2018-12-31T12:25:03-0500 OK - Command: has_value ISO...
2018-12-31T12:25:03-0500  - Executing: has_value MEDIA
2018-12-31T12:25:03-0500 OK - Command: has_value MEDIA...
2018-12-31T12:25:03-0500  - Executing: has_value NETWORK
2018-12-31T12:25:03-0500 OK - Command: has_value NETWORK...
2018-12-31T12:25:23-0500  - Executing: has_value VMNAME
2018-12-31T12:25:23-0500 OK - Command: has_value VMNAME...
2018-12-31T12:25:23-0500  - Executing: has_value DISC_SIZE
2018-12-31T12:25:23-0500 OK - Command: has_value DISC_SIZE...
2018-12-31T12:25:23-0500  - Executing: has_value VCPUS
2018-12-31T12:25:23-0500 OK - Command: has_value VCPUS...
2018-12-31T12:25:23-0500  - Executing: has_value RAM
2018-12-31T12:25:23-0500 OK - Command: has_value RAM...
2018-12-31T12:25:23-0500  - Executing: has_value IP
2018-12-31T12:25:23-0500 OK - Command: has_value IP...
2018-12-31T12:25:23-0500  - Executing: has_value OS
2018-12-31T12:25:23-0500 OK - Command: has_value OS...
2018-12-31T12:25:24-0500  - Executing: has_value RHVER
2018-12-31T12:25:24-0500 OK - Command: has_value RHVER...
2018-12-31T12:25:24-0500  - Executing: has_value OSVARIANT
2018-12-31T12:25:24-0500 OK - Command: has_value OSVARIANT...
2018-12-31T12:25:24-0500  - Executing: has_value VIRTHOST
2018-12-31T12:25:24-0500 OK - Command: has_value VIRTHOST...
2018-12-31T12:25:24-0500  - Executing: has_value DISC
2018-12-31T12:25:24-0500 OK - Command: has_value DISC...
2018-12-31T12:25:24-0500  - Executing: has_value NIC
2018-12-31T12:25:24-0500 OK - Command: has_value NIC...
2018-12-31T12:25:24-0500  - Executing: has_value MASK
2018-12-31T12:25:24-0500 OK - Command: has_value MASK...
2018-12-31T12:25:24-0500  - Executing: has_value ISO
2018-12-31T12:25:24-0500 OK - Command: has_value ISO...
2018-12-31T12:25:24-0500  - Executing: has_value MEDIA
2018-12-31T12:25:24-0500 OK - Command: has_value MEDIA...
2018-12-31T12:25:24-0500  - Executing: has_value NETWORK
2018-12-31T12:25:24-0500 OK - Command: has_value NETWORK...
2018-12-31T12:28:14-0500  - Executing: has_value VMNAME
2018-12-31T12:28:14-0500 OK - Command: has_value VMNAME...
2018-12-31T12:28:14-0500  - Executing: has_value DISC_SIZE
2018-12-31T12:28:14-0500 OK - Command: has_value DISC_SIZE...
2018-12-31T12:28:14-0500  - Executing: has_value VCPUS
2018-12-31T12:28:14-0500 OK - Command: has_value VCPUS...
2018-12-31T12:28:14-0500  - Executing: has_value RAM
2018-12-31T12:28:14-0500 OK - Command: has_value RAM...
2018-12-31T12:28:14-0500  - Executing: has_value IP
2018-12-31T12:28:14-0500 OK - Command: has_value IP...
2018-12-31T12:28:14-0500  - Executing: has_value OS
2018-12-31T12:28:14-0500 OK - Command: has_value OS...
2018-12-31T12:28:14-0500  - Executing: has_value RHVER
2018-12-31T12:28:14-0500 OK - Command: has_value RHVER...
2018-12-31T12:28:14-0500  - Executing: has_value OSVARIANT
2018-12-31T12:28:14-0500 OK - Command: has_value OSVARIANT...
2018-12-31T12:28:14-0500  - Executing: has_value VIRTHOST
2018-12-31T12:28:14-0500 OK - Command: has_value VIRTHOST...
2018-12-31T12:28:14-0500  - Executing: has_value DISC
2018-12-31T12:28:14-0500 OK - Command: has_value DISC...
2018-12-31T12:28:14-0500  - Executing: has_value NIC
2018-12-31T12:28:14-0500 OK - Command: has_value NIC...
2018-12-31T12:28:14-0500  - Executing: has_value MASK
2018-12-31T12:28:14-0500 OK - Command: has_value MASK...
2018-12-31T12:28:14-0500  - Executing: has_value ISO
2018-12-31T12:28:14-0500 OK - Command: has_value ISO...
2018-12-31T12:28:14-0500  - Executing: has_value MEDIA
2018-12-31T12:28:14-0500 OK - Command: has_value MEDIA...
2018-12-31T12:28:14-0500  - Executing: has_value NETWORK
2018-12-31T12:28:14-0500 OK - Command: has_value NETWORK...
2018-12-31T12:28:38-0500  - Executing: has_value VMNAME
2018-12-31T12:28:38-0500 OK - Command: has_value VMNAME...
2018-12-31T12:28:38-0500  - Executing: has_value DISC_SIZE
2018-12-31T12:28:38-0500 OK - Command: has_value DISC_SIZE...
2018-12-31T12:28:38-0500  - Executing: has_value VCPUS
2018-12-31T12:28:38-0500 OK - Command: has_value VCPUS...
2018-12-31T12:28:38-0500  - Executing: has_value RAM
2018-12-31T12:28:38-0500 OK - Command: has_value RAM...
2018-12-31T12:28:38-0500  - Executing: has_value IP
2018-12-31T12:28:38-0500 OK - Command: has_value IP...
2018-12-31T12:28:38-0500  - Executing: has_value OS
2018-12-31T12:28:38-0500 OK - Command: has_value OS...
2018-12-31T12:28:38-0500  - Executing: has_value RHVER
2018-12-31T12:28:38-0500 OK - Command: has_value RHVER...
2018-12-31T12:28:38-0500  - Executing: has_value OSVARIANT
2018-12-31T12:28:38-0500 OK - Command: has_value OSVARIANT...
2018-12-31T12:28:38-0500  - Executing: has_value VIRTHOST
2018-12-31T12:28:38-0500 OK - Command: has_value VIRTHOST...
2018-12-31T12:28:38-0500  - Executing: has_value DISC
2018-12-31T12:28:38-0500 OK - Command: has_value DISC...
2018-12-31T12:28:38-0500  - Executing: has_value NIC
2018-12-31T12:28:38-0500 OK - Command: has_value NIC...
2018-12-31T12:28:38-0500  - Executing: has_value MASK
2018-12-31T12:28:38-0500 OK - Command: has_value MASK...
2018-12-31T12:28:38-0500  - Executing: has_value ISO
2018-12-31T12:28:38-0500 OK - Command: has_value ISO...
2018-12-31T12:28:38-0500  - Executing: has_value MEDIA
2018-12-31T12:28:38-0500 OK - Command: has_value MEDIA...
2018-12-31T12:28:38-0500  - Executing: has_value NETWORK
2018-12-31T12:28:38-0500 OK - Command: has_value NETWORK...
2019-03-08T17:17:29-0500  - Executing: has_value VMNAME
2019-03-08T17:17:29-0500 OK - Command: has_value VMNAME...
2019-03-08T17:17:29-0500  - Executing: has_value DISC_SIZE
2019-03-08T17:17:29-0500 OK - Command: has_value DISC_SIZE...
2019-03-08T17:17:29-0500  - Executing: has_value VCPUS
2019-03-08T17:17:29-0500 OK - Command: has_value VCPUS...
2019-03-08T17:17:29-0500  - Executing: has_value RAM
2019-03-08T17:17:29-0500 OK - Command: has_value RAM...
2019-03-08T17:17:29-0500  - Executing: has_value IP
2019-03-08T17:17:29-0500 OK - Command: has_value IP...
2019-03-08T17:17:29-0500  - Executing: has_value OS
2019-03-08T17:17:29-0500 OK - Command: has_value OS...
2019-03-08T17:17:29-0500  - Executing: has_value RHVER
2019-03-08T17:17:29-0500 OK - Command: has_value RHVER...
2019-03-08T17:17:29-0500  - Executing: has_value OSVARIANT
2019-03-08T17:17:29-0500 OK - Command: has_value OSVARIANT...
2019-03-08T17:17:29-0500  - Executing: has_value VIRTHOST
2019-03-08T17:17:29-0500 OK - Command: has_value VIRTHOST...
2019-03-08T17:17:29-0500  - Executing: has_value DISC
2019-03-08T17:17:29-0500 OK - Command: has_value DISC...
2019-03-08T17:17:29-0500  - Executing: has_value NIC
2019-03-08T17:17:29-0500 OK - Command: has_value NIC...
2019-03-08T17:17:29-0500  - Executing: has_value MASK
2019-03-08T17:17:29-0500 OK - Command: has_value MASK...
2019-03-08T17:17:29-0500  - Executing: has_value ISO
2019-03-08T17:17:29-0500 OK - Command: has_value ISO...
2019-03-08T17:17:29-0500  - Executing: has_value MEDIA
2019-03-08T17:17:29-0500 OK - Command: has_value MEDIA...
2019-03-08T17:17:29-0500  - Executing: has_value NETWORK
2019-03-08T17:17:29-0500 OK - Command: has_value NETWORK...
2019-04-29T15:58:50-0400  - Executing: has_value VMNAME
2019-04-29T15:58:50-0400 OK - Command: has_value VMNAME...
2019-04-29T15:58:50-0400  - Executing: has_value DISC_SIZE
2019-04-29T15:58:50-0400 OK - Command: has_value DISC_SIZE...
2019-04-29T15:58:50-0400  - Executing: has_value VCPUS
2019-04-29T15:58:50-0400 OK - Command: has_value VCPUS...
2019-04-29T15:58:50-0400  - Executing: has_value RAM
2019-04-29T15:58:50-0400 OK - Command: has_value RAM...
2019-04-29T15:58:50-0400  - Executing: has_value IP
2019-04-29T15:58:50-0400 OK - Command: has_value IP...
2019-04-29T15:58:50-0400  - Executing: has_value OS
2019-04-29T15:58:50-0400 OK - Command: has_value OS...
2019-04-29T15:58:50-0400  - Executing: has_value RHVER
2019-04-29T15:58:50-0400 OK - Command: has_value RHVER...
2019-04-29T15:58:50-0400  - Executing: has_value OSVARIANT
2019-04-29T15:58:50-0400 OK - Command: has_value OSVARIANT...
2019-04-29T15:58:50-0400  - Executing: has_value VIRTHOST
2019-04-29T15:58:50-0400 OK - Command: has_value VIRTHOST...
2019-04-29T15:58:50-0400  - Executing: has_value DISC
2019-04-29T15:58:50-0400 OK - Command: has_value DISC...
2019-04-29T15:58:50-0400  - Executing: has_value NIC
2019-04-29T15:58:50-0400 OK - Command: has_value NIC...
2019-04-29T15:58:50-0400  - Executing: has_value MASK
2019-04-29T15:58:50-0400 OK - Command: has_value MASK...
2019-04-29T15:58:50-0400  - Executing: has_value ISO
2019-04-29T15:58:50-0400 OK - Command: has_value ISO...
2019-04-29T15:58:50-0400  - Executing: has_value MEDIA
2019-04-29T15:58:50-0400 OK - Command: has_value MEDIA...
2019-04-29T15:58:50-0400  - Executing: has_value NETWORK
2019-04-29T15:58:50-0400 OK - Command: has_value NETWORK...
